<?xml version="1.0" encoding="UTF-8"?>
<!-- Generated by org.testng.reporters.JUnitXMLReporter -->
<testsuite hostname="Abhresh" ignored="1" name="First Test" tests="5" failures="0" timestamp="06 Aug 2018 16:56:11 GMT" time="54.905" errors="0">
  <testcase name="TestForm" time="23.543" classname="module6.DDT1"/>
  <testcase name="TestForm" time="16.311" classname="module6.DDT1"/>
  <testcase name="openApp" time="6.58" classname="module6.Senario1"/>
  <testcase name="Login" time="8.292" classname="module6.Senario1"/>
  <testcase name="Test" time="0.006" classname="module6.Annotations"/>
  <testcase name="Logout" time="0.0" classname="module6.Senario1">
    <ignored/>
  </testcase> <!-- Logout -->
</testsuite> <!-- First Test -->
