<?xml version="1.0" encoding="UTF-8"?>
<!-- Generated by org.testng.reporters.JUnitXMLReporter -->
<testsuite hostname="Abhresh" ignored="5" name="Groups" tests="4" failures="0" timestamp="06 Aug 2018 16:45:33 GMT" time="0.265" errors="0">
  <testcase name="TC1" time="0.066" classname="module6.Scenario2"/>
  <testcase name="TC4" time="0.011" classname="module6.Scenario2"/>
  <testcase name="TC7" time="0.009" classname="module6.Scenario2"/>
  <testcase name="TC9" time="0.004" classname="module6.Scenario2"/>
  <testcase name="TC2" time="0.0" classname="module6.Scenario2">
    <ignored/>
  </testcase> <!-- TC2 -->
  <testcase name="TC8" time="0.0" classname="module6.Scenario2">
    <ignored/>
  </testcase> <!-- TC8 -->
  <testcase name="TC5" time="0.0" classname="module6.Scenario2">
    <ignored/>
  </testcase> <!-- TC5 -->
  <testcase name="TC6" time="0.0" classname="module6.Scenario2">
    <ignored/>
  </testcase> <!-- TC6 -->
  <testcase name="TC3" time="0.0" classname="module6.Scenario2">
    <ignored/>
  </testcase> <!-- TC3 -->
</testsuite> <!-- Groups -->
