<?xml version="1.0" encoding="UTF-8"?>
<!-- Generated by org.testng.reporters.JUnitXMLReporter -->
<testsuite hostname="Abhresh" ignored="0" name="GRID TEST WITH SERIAL EXECTION WITH BROWSER FF " tests="1" failures="1" timestamp="07 Aug 2018 14:48:47 GMT" time="52.377" errors="0">
  <testcase name="mailTest" time="52.365" classname="module7.GridExample">
    <failure type="org.openqa.selenium.WebDriverException" message="Unable to connect to host 127.0.0.1 on port 7055 after 45000 ms. Firefox console output:
39,&amp;quot;updateDate&amp;quot;:1533441525339,&amp;quot;applyBackgroundUpdates&amp;quot;:1,&amp;quot;skinnable&amp;quot;:true,&amp;quot;size&amp;quot;:22012,&amp;quot;sourceURI&amp;quot;:null,&amp;quot;releaseNotesURI&amp;quot;:null,&amp;quot;softDisabled&amp;quot;:false,&amp;quot;foreignInstall&amp;quot;:false,&amp;quot;hasBinaryComponents&amp;quot;:false,&amp;quot;strictCompatibility&amp;quot;:true,&amp;quot;locales&amp;quot;:[],&amp;quot;targetApplications&amp;quot;:[{&amp;quot;id&amp;quot;:&amp;quot;{ec8030f7-c20a-464f-9b0e-13a3a9e97384}&amp;quot;,&amp;quot;minVersion&amp;quot;:&amp;quot;47.0.2&amp;quot;,&amp;quot;maxVersion&amp;quot;:&amp;quot;47.0.2&amp;quot;}],&amp;quot;targetPlatforms&amp;quot;:[],&amp;quot;seen&amp;quot;:true}
1533653283421	addons.xpi	DEBUG	getModTime: Recursive scan of {972ce4c6-7e08-4474-a285-3208198ce6fd}
1533653283423	DeferredSave.extensions.json	DEBUG	Save changes
1533653283423	addons.xpi	DEBUG	Updating database with changes to installed add-ons
1533653283425	addons.xpi-utils	DEBUG	Updating add-on states
1533653283432	addons.xpi-utils	DEBUG	Writing add-ons list
1533653283443	addons.xpi	DEBUG	Registering manifest for C:\Program Files\Mozilla Firefox\browser\features\e10srollout@mozilla.org.xpi
1533653283444	addons.xpi	DEBUG	Calling bootstrap method startup on e10srollout@mozilla.org version 1.0
1533653283444	addons.xpi	DEBUG	Registering manifest for C:\Program Files\Mozilla Firefox\browser\features\firefox@getpocket.com.xpi
1533653283447	addons.xpi	DEBUG	Calling bootstrap method startup on firefox@getpocket.com version 1.0.2
1533653283449	addons.xpi	DEBUG	Registering manifest for C:\Program Files\Mozilla Firefox\browser\features\loop@mozilla.org.xpi
1533653283451	addons.xpi	DEBUG	Calling bootstrap method startup on loop@mozilla.org version 1.3.2
1533653283527	addons.xpi	DEBUG	Registering manifest for C:\Program Files\Mozilla Firefox\browser\features\websensehelper@mozilla.org.xpi
1533653283528	addons.xpi	DEBUG	Calling bootstrap method startup on websensehelper@mozilla.org version 1.0
1533653283535	addons.manager	DEBUG	Registering shutdown blocker for XPIProvider
1533653283536	addons.manager	DEBUG	Provider finished startup: XPIProvider
1533653283536	addons.manager	DEBUG	Starting provider: LightweightThemeManager
1533653283536	addons.manager	DEBUG	Registering shutdown blocker for LightweightThemeManager
1533653283536	addons.manager	DEBUG	Provider finished startup: LightweightThemeManager
1533653283538	addons.manager	DEBUG	Starting provider: GMPProvider
1533653283561	addons.manager	DEBUG	Registering shutdown blocker for GMPProvider
1533653283562	addons.manager	DEBUG	Provider finished startup: GMPProvider
1533653283562	addons.manager	DEBUG	Starting provider: PluginProvider
1533653283562	addons.manager	DEBUG	Registering shutdown blocker for PluginProvider
1533653283563	addons.manager	DEBUG	Provider finished startup: PluginProvider
1533653283564	addons.manager	DEBUG	Completed startup sequence
1533653286849	addons.manager	DEBUG	Starting provider: &amp;lt;unnamed-provider&amp;gt;
1533653286849	addons.manager	DEBUG	Registering shutdown blocker for &amp;lt;unnamed-provider&amp;gt;
1533653286850	addons.manager	DEBUG	Provider finished startup: &amp;lt;unnamed-provider&amp;gt;
1533653287518	DeferredSave.extensions.json	DEBUG	Write succeeded
1533653287519	addons.xpi-utils	DEBUG	XPI Database saved, setting schema version preference to 17
1533653287519	DeferredSave.extensions.json	DEBUG	Starting timer
1533653287549	DeferredSave.extensions.json	DEBUG	Starting write
1533653287744	addons.repository	DEBUG	No addons.json found.
1533653287745	DeferredSave.addons.json	DEBUG	Save changes
1533653287752	DeferredSave.addons.json	DEBUG	Starting timer
1533653287870	addons.manager	DEBUG	Starting provider: PreviousExperimentProvider
1533653287870	addons.manager	DEBUG	Registering shutdown blocker for PreviousExperimentProvider
1533653287871	addons.manager	DEBUG	Provider finished startup: PreviousExperimentProvider
1533653287888	DeferredSave.addons.json	DEBUG	Starting write
1533653287915	DeferredSave.extensions.json	DEBUG	Write succeeded
1533653288059	DeferredSave.addons.json	DEBUG	Write succeeded
JavaScript warning: https://www.googletagmanager.com/gtag/js?id=UA-36116321-2&amp;amp;l=dataLayer, line 69: unreachable code after return statement
JavaScript warning: https://www.googletagmanager.com/gtag/js?id=UA-36116321-2&amp;amp;l=dataLayer, line 69: unreachable code after return statement

Command duration or timeout: 52.33 seconds">
      <![CDATA[org.openqa.selenium.WebDriverException: Unable to connect to host 127.0.0.1 on port 7055 after 45000 ms. Firefox console output:
39,"updateDate":1533441525339,"applyBackgroundUpdates":1,"skinnable":true,"size":22012,"sourceURI":null,"releaseNotesURI":null,"softDisabled":false,"foreignInstall":false,"hasBinaryComponents":false,"strictCompatibility":true,"locales":[],"targetApplications":[{"id":"{ec8030f7-c20a-464f-9b0e-13a3a9e97384}","minVersion":"47.0.2","maxVersion":"47.0.2"}],"targetPlatforms":[],"seen":true}
1533653283421addons.xpiDEBUGgetModTime: Recursive scan of {972ce4c6-7e08-4474-a285-3208198ce6fd}
1533653283423DeferredSave.extensions.jsonDEBUGSave changes
1533653283423addons.xpiDEBUGUpdating database with changes to installed add-ons
1533653283425addons.xpi-utilsDEBUGUpdating add-on states
1533653283432addons.xpi-utilsDEBUGWriting add-ons list
1533653283443addons.xpiDEBUGRegistering manifest for C:\Program Files\Mozilla Firefox\browser\features\e10srollout@mozilla.org.xpi
1533653283444addons.xpiDEBUGCalling bootstrap method startup on e10srollout@mozilla.org version 1.0
1533653283444addons.xpiDEBUGRegistering manifest for C:\Program Files\Mozilla Firefox\browser\features\firefox@getpocket.com.xpi
1533653283447addons.xpiDEBUGCalling bootstrap method startup on firefox@getpocket.com version 1.0.2
1533653283449addons.xpiDEBUGRegistering manifest for C:\Program Files\Mozilla Firefox\browser\features\loop@mozilla.org.xpi
1533653283451addons.xpiDEBUGCalling bootstrap method startup on loop@mozilla.org version 1.3.2
1533653283527addons.xpiDEBUGRegistering manifest for C:\Program Files\Mozilla Firefox\browser\features\websensehelper@mozilla.org.xpi
1533653283528addons.xpiDEBUGCalling bootstrap method startup on websensehelper@mozilla.org version 1.0
1533653283535addons.managerDEBUGRegistering shutdown blocker for XPIProvider
1533653283536addons.managerDEBUGProvider finished startup: XPIProvider
1533653283536addons.managerDEBUGStarting provider: LightweightThemeManager
1533653283536addons.managerDEBUGRegistering shutdown blocker for LightweightThemeManager
1533653283536addons.managerDEBUGProvider finished startup: LightweightThemeManager
1533653283538addons.managerDEBUGStarting provider: GMPProvider
1533653283561addons.managerDEBUGRegistering shutdown blocker for GMPProvider
1533653283562addons.managerDEBUGProvider finished startup: GMPProvider
1533653283562addons.managerDEBUGStarting provider: PluginProvider
1533653283562addons.managerDEBUGRegistering shutdown blocker for PluginProvider
1533653283563addons.managerDEBUGProvider finished startup: PluginProvider
1533653283564addons.managerDEBUGCompleted startup sequence
1533653286849addons.managerDEBUGStarting provider: <unnamed-provider>
1533653286849addons.managerDEBUGRegistering shutdown blocker for <unnamed-provider>
1533653286850addons.managerDEBUGProvider finished startup: <unnamed-provider>
1533653287518DeferredSave.extensions.jsonDEBUGWrite succeeded
1533653287519addons.xpi-utilsDEBUGXPI Database saved, setting schema version preference to 17
1533653287519DeferredSave.extensions.jsonDEBUGStarting timer
1533653287549DeferredSave.extensions.jsonDEBUGStarting write
1533653287744addons.repositoryDEBUGNo addons.json found.
1533653287745DeferredSave.addons.jsonDEBUGSave changes
1533653287752DeferredSave.addons.jsonDEBUGStarting timer
1533653287870addons.managerDEBUGStarting provider: PreviousExperimentProvider
1533653287870addons.managerDEBUGRegistering shutdown blocker for PreviousExperimentProvider
1533653287871addons.managerDEBUGProvider finished startup: PreviousExperimentProvider
1533653287888DeferredSave.addons.jsonDEBUGStarting write
1533653287915DeferredSave.extensions.jsonDEBUGWrite succeeded
1533653288059DeferredSave.addons.jsonDEBUGWrite succeeded
JavaScript warning: https://www.googletagmanager.com/gtag/js?id=UA-36116321-2&l=dataLayer, line 69: unreachable code after return statement
JavaScript warning: https://www.googletagmanager.com/gtag/js?id=UA-36116321-2&l=dataLayer, line 69: unreachable code after return statement

Command duration or timeout: 52.33 seconds
at org.openqa.selenium.remote.ErrorHandler.createThrowable(ErrorHandler.java:215)
at org.openqa.selenium.remote.ErrorHandler.throwIfResponseFailed(ErrorHandler.java:167)
at org.openqa.selenium.remote.JsonWireProtocolResponse.lambda$new$0(JsonWireProtocolResponse.java:53)
at org.openqa.selenium.remote.JsonWireProtocolResponse.lambda$getResponseFunction$2(JsonWireProtocolResponse.java:91)
at org.openqa.selenium.remote.ProtocolHandshake.lambda$createSession$22(ProtocolHandshake.java:365)
at java.util.stream.ReferencePipeline$3$1.accept(ReferencePipeline.java:193)
at java.util.Spliterators$ArraySpliterator.tryAdvance(Spliterators.java:958)
at java.util.stream.ReferencePipeline.forEachWithCancel(ReferencePipeline.java:126)
at java.util.stream.AbstractPipeline.copyIntoWithCancel(AbstractPipeline.java:498)
at java.util.stream.AbstractPipeline.copyInto(AbstractPipeline.java:485)
at java.util.stream.AbstractPipeline.wrapAndCopyInto(AbstractPipeline.java:471)
at java.util.stream.FindOps$FindOp.evaluateSequential(FindOps.java:152)
at java.util.stream.AbstractPipeline.evaluate(AbstractPipeline.java:234)
at java.util.stream.ReferencePipeline.findFirst(ReferencePipeline.java:464)
at org.openqa.selenium.remote.ProtocolHandshake.createSession(ProtocolHandshake.java:368)
at org.openqa.selenium.remote.ProtocolHandshake.createSession(ProtocolHandshake.java:159)
at org.openqa.selenium.remote.HttpCommandExecutor.execute(HttpCommandExecutor.java:142)
at org.openqa.selenium.remote.RemoteWebDriver.execute(RemoteWebDriver.java:637)
at org.openqa.selenium.remote.RemoteWebDriver.startSession(RemoteWebDriver.java:250)
at org.openqa.selenium.remote.RemoteWebDriver.startSession(RemoteWebDriver.java:236)
at org.openqa.selenium.remote.RemoteWebDriver.<init>(RemoteWebDriver.java:137)
at org.openqa.selenium.remote.RemoteWebDriver.<init>(RemoteWebDriver.java:174)
at module7.GridExample.mailTest(GridExample.java:29)
Caused by: org.openqa.selenium.remote.ErrorHandler$UnknownServerException: Unable to connect to host 127.0.0.1 on port 7055 after 45000 ms. Firefox console output:
39,"updateDate":1533441525339,"applyBackgroundUpdates":1,"skinnable":true,"size":22012,"sourceURI":null,"releaseNotesURI":null,"softDisabled":false,"foreignInstall":false,"hasBinaryComponents":false,"strictCompatibility":true,"locales":[],"targetApplications":[{"id":"{ec8030f7-c20a-464f-9b0e-13a3a9e97384}","minVersion":"47.0.2","maxVersion":"47.0.2"}],"targetPlatforms":[],"seen":true}
1533653283421addons.xpiDEBUGgetModTime: Recursive scan of {972ce4c6-7e08-4474-a285-3208198ce6fd}
1533653283423DeferredSave.extensions.jsonDEBUGSave changes
1533653283423addons.xpiDEBUGUpdating database with changes to installed add-ons
1533653283425addons.xpi-utilsDEBUGUpdating add-on states
1533653283432addons.xpi-utilsDEBUGWriting add-ons list
1533653283443addons.xpiDEBUGRegistering manifest for C:\Program Files\Mozilla Firefox\browser\features\e10srollout@mozilla.org.xpi
1533653283444addons.xpiDEBUGCalling bootstrap method startup on e10srollout@mozilla.org version 1.0
1533653283444addons.xpiDEBUGRegistering manifest for C:\Program Files\Mozilla Firefox\browser\features\firefox@getpocket.com.xpi
1533653283447addons.xpiDEBUGCalling bootstrap method startup on firefox@getpocket.com version 1.0.2
1533653283449addons.xpiDEBUGRegistering manifest for C:\Program Files\Mozilla Firefox\browser\features\loop@mozilla.org.xpi
1533653283451addons.xpiDEBUGCalling bootstrap method startup on loop@mozilla.org version 1.3.2
1533653283527addons.xpiDEBUGRegistering manifest for C:\Program Files\Mozilla Firefox\browser\features\websensehelper@mozilla.org.xpi
1533653283528addons.xpiDEBUGCalling bootstrap method startup on websensehelper@mozilla.org version 1.0
1533653283535addons.managerDEBUGRegistering shutdown blocker for XPIProvider
1533653283536addons.managerDEBUGProvider finished startup: XPIProvider
1533653283536addons.managerDEBUGStarting provider: LightweightThemeManager
1533653283536addons.managerDEBUGRegistering shutdown blocker for LightweightThemeManager
1533653283536addons.managerDEBUGProvider finished startup: LightweightThemeManager
1533653283538addons.managerDEBUGStarting provider: GMPProvider
1533653283561addons.managerDEBUGRegistering shutdown blocker for GMPProvider
1533653283562addons.managerDEBUGProvider finished startup: GMPProvider
1533653283562addons.managerDEBUGStarting provider: PluginProvider
1533653283562addons.managerDEBUGRegistering shutdown blocker for PluginProvider
1533653283563addons.managerDEBUGProvider finished startup: PluginProvider
1533653283564addons.managerDEBUGCompleted startup sequence
1533653286849addons.managerDEBUGStarting provider: <unnamed-provider>
1533653286849addons.managerDEBUGRegistering shutdown blocker for <unnamed-provider>
1533653286850addons.managerDEBUGProvider finished startup: <unnamed-provider>
1533653287518DeferredSave.extensions.jsonDEBUGWrite succeeded
1533653287519addons.xpi-utilsDEBUGXPI Database saved, setting schema version preference to 17
1533653287519DeferredSave.extensions.jsonDEBUGStarting timer
1533653287549DeferredSave.extensions.jsonDEBUGStarting write
1533653287744addons.repositoryDEBUGNo addons.json found.
1533653287745DeferredSave.addons.jsonDEBUGSave changes
1533653287752DeferredSave.addons.jsonDEBUGStarting timer
1533653287870addons.managerDEBUGStarting provider: PreviousExperimentProvider
1533653287870addons.managerDEBUGRegistering shutdown blocker for PreviousExperimentProvider
1533653287871addons.managerDEBUGProvider finished startup: PreviousExperimentProvider
1533653287888DeferredSave.addons.jsonDEBUGStarting write
1533653287915DeferredSave.extensions.jsonDEBUGWrite succeeded
1533653288059DeferredSave.addons.jsonDEBUGWrite succeeded
JavaScript warning: https://www.googletagmanager.com/gtag/js?id=UA-36116321-2&l=dataLayer, line 69: unreachable code after return statement
JavaScript warning: https://www.googletagmanager.com/gtag/js?id=UA-36116321-2&l=dataLayer, line 69: unreachable code after return statement

Build info: version: 'unknown', revision: 'unknown', time: 'unknown'
System info: host: 'ABHRESH', ip: '192.168.1.55', os.name: 'Windows 10', os.arch: 'amd64', os.version: '10.0', java.version: '1.8.0_151'
Driver info: driver.version: FirefoxDriver
at org.openqa.selenium.firefox.internal.NewProfileExtensionConnection.start(NewProfileExtensionConnection.java:120)
at org.openqa.selenium.firefox.FirefoxDriver.startClient(FirefoxDriver.java:275)
at org.openqa.selenium.remote.RemoteWebDriver.<init>(RemoteWebDriver.java:116)
at org.openqa.selenium.firefox.FirefoxDriver.<init>(FirefoxDriver.java:222)
at org.openqa.selenium.firefox.FirefoxDriver.<init>(FirefoxDriver.java:215)
at org.openqa.selenium.firefox.FirefoxDriver.<init>(FirefoxDriver.java:133)
at org.openqa.selenium.remote.server.DefaultDriverProvider.callConstructor(DefaultDriverProvider.java:85)
at org.openqa.selenium.remote.server.DefaultDriverProvider.newInstance(DefaultDriverProvider.java:79)
at org.openqa.selenium.remote.server.DefaultDriverFactory.newInstance(DefaultDriverFactory.java:62)
at org.openqa.selenium.remote.server.DefaultSession$BrowserCreator.call(DefaultSession.java:222)
at org.openqa.selenium.remote.server.DefaultSession$BrowserCreator.call(DefaultSession.java:1)
at java.util.concurrent.FutureTask.run(Unknown Source)
at org.openqa.selenium.remote.server.DefaultSession$1.run(DefaultSession.java:176)
at java.util.concurrent.ThreadPoolExecutor.runWorker(Unknown Source)
at java.util.concurrent.ThreadPoolExecutor$Worker.run(Unknown Source)
at java.lang.Thread.run(Unknown Source)
... Removed 33 stack frames]]>
    </failure>
  </testcase> <!-- mailTest -->
</testsuite> <!-- GRID TEST WITH SERIAL EXECTION WITH BROWSER FF  -->
